2022-11-08 08:47:00,235 - INFO - En attente de récupération des sous-titres de l'épisode 1 ...
2022-11-08 08:47:00,736 - INFO - /home/allan/Udemy Courses/Python 3/subtitles HOD/episode_1.txt
2022-11-08 08:47:00,736 - INFO - Récupération effectuée avec succès.
2022-11-08 08:47:00,736 - INFO - En attente de récupération des sous-titres de l'épisode 2 ...
2022-11-08 08:47:01,237 - INFO - /home/allan/Udemy Courses/Python 3/subtitles HOD/episode_2.txt
2022-11-08 08:47:01,238 - INFO - Récupération effectuée avec succès.
2022-11-08 08:47:01,238 - INFO - En attente de récupération des sous-titres de l'épisode 3 ...
2022-11-08 08:47:01,739 - INFO - /home/allan/Udemy Courses/Python 3/subtitles HOD/episode_3.txt
2022-11-08 08:47:01,739 - INFO - Récupération effectuée avec succès.
2022-11-08 08:47:01,739 - INFO - En attente de récupération des sous-titres de l'épisode 4 ...
2022-11-08 08:47:02,240 - INFO - /home/allan/Udemy Courses/Python 3/subtitles HOD/episode_4.txt
2022-11-08 08:47:02,240 - INFO - Récupération effectuée avec succès.
2022-11-08 08:47:02,241 - INFO - En attente de récupération des sous-titres de l'épisode 5 ...
2022-11-08 08:47:02,741 - INFO - /home/allan/Udemy Courses/Python 3/subtitles HOD/episode_5.txt
2022-11-08 08:47:02,742 - INFO - Récupération effectuée avec succès.
2022-11-08 08:47:02,742 - INFO - En attente de récupération des sous-titres de l'épisode 6 ...
2022-11-08 08:47:03,243 - INFO - /home/allan/Udemy Courses/Python 3/subtitles HOD/episode_6.txt
2022-11-08 08:47:03,243 - INFO - Récupération effectuée avec succès.
2022-11-08 08:47:03,243 - INFO - En attente de récupération des sous-titres de l'épisode 7 ...
2022-11-08 08:47:03,743 - INFO - /home/allan/Udemy Courses/Python 3/subtitles HOD/episode_7.txt
2022-11-08 08:47:03,744 - INFO - Récupération effectuée avec succès.
2022-11-08 08:47:03,744 - INFO - Succès récupération des sous titres.
2022-11-08 08:47:03,744 - INFO - En attente de lecture des sous-titres des 7 épisodes
2022-11-08 08:47:04,747 - INFO - Succès lecture des sous titres.
2022-11-08 08:47:04,747 - INFO - En attente de traitement des sous-titres des 7 épisodes
2022-11-08 08:47:04,749 - INFO - Succès traitement de l'épisode 1
2022-11-08 08:47:04,751 - INFO - Succès traitement de l'épisode 2
2022-11-08 08:47:04,752 - INFO - Succès traitement de l'épisode 3
2022-11-08 08:47:04,753 - INFO - Succès traitement de l'épisode 4
2022-11-08 08:47:04,754 - INFO - Succès traitement de l'épisode 5
2022-11-08 08:47:04,756 - INFO - Succès traitement de l'épisode 6
2022-11-08 08:47:04,757 - INFO - Succès traitement de l'épisode 7
2022-11-08 08:47:04,757 - INFO - Succès traitement des sous titres.
2022-11-08 09:04:33,054 - CRITICAL - Echec récupération des sous titres.
2022-11-08 09:04:33,055 - INFO - En attente de lecture des sous-titres des 7 épisodes
2022-11-08 09:04:34,064 - CRITICAL - Echec lecture des sous titres.
2022-11-08 09:04:34,064 - INFO - En attente de traitement des sous-titres des 7 épisodes
2022-11-08 09:04:34,064 - CRITICAL - Echec traitement des sous titres.
2022-11-08 09:07:49,348 - CRITICAL - Echec récupération des sous titres.
2022-11-08 09:07:49,349 - INFO - En attente de lecture des sous-titres des 1 épisodes
2022-11-08 09:07:50,350 - CRITICAL - Echec lecture des sous titres.
2022-11-08 09:07:50,350 - INFO - En attente de traitement des sous-titres des 1 épisodes
2022-11-08 09:07:50,350 - CRITICAL - Echec traitement des sous titres.
2022-11-08 09:08:25,659 - INFO - Succès récupération des sous titres.
2022-11-08 09:08:25,659 - INFO - En attente de lecture des sous-titres des 1 épisodes
2022-11-08 09:08:26,661 - CRITICAL - Echec lecture des sous titres.
2022-11-08 09:08:26,661 - INFO - En attente de traitement des sous-titres des 1 épisodes
2022-11-08 09:08:26,661 - CRITICAL - Echec traitement des sous titres.
2022-11-08 09:08:46,648 - INFO - Succès récupération des sous titres.
2022-11-08 09:08:46,649 - INFO - En attente de lecture des sous-titres des 1 épisodes
2022-11-08 09:08:47,650 - CRITICAL - Echec lecture des sous titres.
2022-11-08 09:08:47,650 - INFO - En attente de traitement des sous-titres des 1 épisodes
2022-11-08 09:08:47,650 - CRITICAL - Echec traitement des sous titres.
2022-11-08 09:09:20,867 - INFO - En attente de récupération des sous-titres de l'épisode 1 ...
2022-11-08 09:09:21,369 - INFO - /home/allan/Udemy Courses/Python 3/subtitles HOD/episode_1.txt
2022-11-08 09:09:21,369 - INFO - Récupération effectuée avec succès.
2022-11-08 09:09:21,369 - INFO - En attente de récupération des sous-titres de l'épisode 2 ...
2022-11-08 09:09:21,870 - INFO - /home/allan/Udemy Courses/Python 3/subtitles HOD/episode_2.txt
2022-11-08 09:09:21,870 - INFO - Récupération effectuée avec succès.
2022-11-08 09:09:21,871 - INFO - En attente de récupération des sous-titres de l'épisode 3 ...
2022-11-08 09:09:22,372 - INFO - /home/allan/Udemy Courses/Python 3/subtitles HOD/episode_3.txt
2022-11-08 09:09:22,372 - INFO - Récupération effectuée avec succès.
2022-11-08 09:09:22,372 - INFO - En attente de récupération des sous-titres de l'épisode 4 ...
2022-11-08 09:09:22,873 - INFO - /home/allan/Udemy Courses/Python 3/subtitles HOD/episode_4.txt
2022-11-08 09:09:22,873 - INFO - Récupération effectuée avec succès.
2022-11-08 09:09:22,874 - INFO - En attente de récupération des sous-titres de l'épisode 5 ...
2022-11-08 09:09:23,375 - INFO - /home/allan/Udemy Courses/Python 3/subtitles HOD/episode_5.txt
2022-11-08 09:09:23,375 - INFO - Récupération effectuée avec succès.
2022-11-08 09:09:23,375 - INFO - En attente de récupération des sous-titres de l'épisode 6 ...
2022-11-08 09:09:23,876 - INFO - /home/allan/Udemy Courses/Python 3/subtitles HOD/episode_6.txt
2022-11-08 09:09:23,876 - INFO - Récupération effectuée avec succès.
2022-11-08 09:09:23,876 - INFO - En attente de récupération des sous-titres de l'épisode 7 ...
2022-11-08 09:09:24,377 - INFO - /home/allan/Udemy Courses/Python 3/subtitles HOD/episode_7.txt
2022-11-08 09:09:24,378 - INFO - Récupération effectuée avec succès.
2022-11-08 09:09:24,378 - INFO - Succès récupération des sous titres.
2022-11-08 09:09:24,378 - INFO - En attente de lecture des sous-titres des 7 épisodes
2022-11-08 09:09:25,380 - INFO - Succès lecture des sous titres.
2022-11-08 09:09:25,380 - INFO - En attente de traitement des sous-titres des 7 épisodes
2022-11-08 09:09:25,384 - INFO - Succès traitement de l'épisode 1
2022-11-08 09:09:25,386 - INFO - Succès traitement de l'épisode 2
2022-11-08 09:09:25,387 - INFO - Succès traitement de l'épisode 3
2022-11-08 09:09:25,388 - INFO - Succès traitement de l'épisode 4
2022-11-08 09:09:25,390 - INFO - Succès traitement de l'épisode 5
2022-11-08 09:09:25,391 - INFO - Succès traitement de l'épisode 6
2022-11-08 09:09:25,392 - INFO - Succès traitement de l'épisode 7
2022-11-08 09:09:25,392 - INFO - Succès traitement des sous titres.
2022-11-08 09:10:10,980 - INFO - En attente de récupération des sous-titres de l'épisode 1 ...
2022-11-08 09:10:10,980 - INFO - /home/allan/Udemy Courses/Python 3/subtitles HOD/episode_1.txt
2022-11-08 09:10:10,980 - INFO - Récupération effectuée avec succès.
2022-11-08 09:10:10,980 - INFO - En attente de récupération des sous-titres de l'épisode 2 ...
2022-11-08 09:10:10,980 - INFO - /home/allan/Udemy Courses/Python 3/subtitles HOD/episode_2.txt
2022-11-08 09:10:10,980 - INFO - Récupération effectuée avec succès.
2022-11-08 09:10:10,981 - INFO - En attente de récupération des sous-titres de l'épisode 3 ...
2022-11-08 09:10:10,981 - INFO - /home/allan/Udemy Courses/Python 3/subtitles HOD/episode_3.txt
2022-11-08 09:10:10,981 - INFO - Récupération effectuée avec succès.
2022-11-08 09:10:10,981 - INFO - En attente de récupération des sous-titres de l'épisode 4 ...
2022-11-08 09:10:10,981 - INFO - /home/allan/Udemy Courses/Python 3/subtitles HOD/episode_4.txt
2022-11-08 09:10:10,981 - INFO - Récupération effectuée avec succès.
2022-11-08 09:10:10,981 - INFO - En attente de récupération des sous-titres de l'épisode 5 ...
2022-11-08 09:10:10,981 - INFO - /home/allan/Udemy Courses/Python 3/subtitles HOD/episode_5.txt
2022-11-08 09:10:10,981 - INFO - Récupération effectuée avec succès.
2022-11-08 09:10:10,982 - INFO - En attente de récupération des sous-titres de l'épisode 6 ...
2022-11-08 09:10:10,982 - INFO - /home/allan/Udemy Courses/Python 3/subtitles HOD/episode_6.txt
2022-11-08 09:10:10,982 - INFO - Récupération effectuée avec succès.
2022-11-08 09:10:10,982 - INFO - En attente de récupération des sous-titres de l'épisode 7 ...
2022-11-08 09:10:10,982 - INFO - /home/allan/Udemy Courses/Python 3/subtitles HOD/episode_7.txt
2022-11-08 09:10:10,982 - INFO - Récupération effectuée avec succès.
2022-11-08 09:10:10,982 - INFO - Succès récupération des sous titres.
2022-11-08 09:10:10,982 - INFO - En attente de lecture des sous-titres des 7 épisodes
2022-11-08 09:10:10,984 - INFO - Succès lecture des sous titres.
2022-11-08 09:10:10,984 - INFO - En attente de traitement des sous-titres des 7 épisodes
2022-11-08 09:10:10,986 - INFO - Succès traitement de l'épisode 1
2022-11-08 09:10:10,987 - INFO - Succès traitement de l'épisode 2
2022-11-08 09:10:10,989 - INFO - Succès traitement de l'épisode 3
2022-11-08 09:10:10,990 - INFO - Succès traitement de l'épisode 4
2022-11-08 09:10:10,991 - INFO - Succès traitement de l'épisode 5
2022-11-08 09:10:10,993 - INFO - Succès traitement de l'épisode 6
2022-11-08 09:10:10,994 - INFO - Succès traitement de l'épisode 7
2022-11-08 09:10:10,994 - INFO - Succès traitement des sous titres.
2022-11-08 09:12:15,515 - INFO - En attente de récupération des sous-titres de l'épisode 1 ...
2022-11-08 09:12:15,515 - INFO - /home/allan/Udemy Courses/Python 3/subtitles HOD/episode_1.txt
2022-11-08 09:12:15,515 - INFO - Récupération effectuée avec succès.
2022-11-08 09:12:15,515 - INFO - En attente de récupération des sous-titres de l'épisode 2 ...
2022-11-08 09:12:15,515 - INFO - /home/allan/Udemy Courses/Python 3/subtitles HOD/episode_2.txt
2022-11-08 09:12:15,515 - INFO - Récupération effectuée avec succès.
2022-11-08 09:12:15,515 - INFO - En attente de récupération des sous-titres de l'épisode 3 ...
2022-11-08 09:12:15,515 - INFO - /home/allan/Udemy Courses/Python 3/subtitles HOD/episode_3.txt
2022-11-08 09:12:15,515 - INFO - Récupération effectuée avec succès.
2022-11-08 09:12:15,515 - INFO - En attente de récupération des sous-titres de l'épisode 4 ...
2022-11-08 09:12:15,515 - INFO - /home/allan/Udemy Courses/Python 3/subtitles HOD/episode_4.txt
2022-11-08 09:12:15,515 - INFO - Récupération effectuée avec succès.
2022-11-08 09:12:15,515 - INFO - En attente de récupération des sous-titres de l'épisode 5 ...
2022-11-08 09:12:15,515 - INFO - /home/allan/Udemy Courses/Python 3/subtitles HOD/episode_5.txt
2022-11-08 09:12:15,516 - INFO - Récupération effectuée avec succès.
2022-11-08 09:12:15,516 - INFO - En attente de récupération des sous-titres de l'épisode 6 ...
2022-11-08 09:12:15,516 - INFO - /home/allan/Udemy Courses/Python 3/subtitles HOD/episode_6.txt
2022-11-08 09:12:15,516 - INFO - Récupération effectuée avec succès.
2022-11-08 09:12:15,516 - INFO - En attente de récupération des sous-titres de l'épisode 7 ...
2022-11-08 09:12:15,516 - INFO - /home/allan/Udemy Courses/Python 3/subtitles HOD/episode_7.txt
2022-11-08 09:12:15,516 - INFO - Récupération effectuée avec succès.
2022-11-08 09:12:15,516 - INFO - Succès récupération des sous titres.
2022-11-08 09:12:15,516 - INFO - En attente de lecture des sous-titres des 7 épisodes
2022-11-08 09:12:15,516 - INFO - Succès lecture des sous titres.
2022-11-08 09:12:15,516 - INFO - En attente de traitement des sous-titres des 7 épisodes
2022-11-08 09:12:15,518 - INFO - Succès traitement de l'épisode 1
2022-11-08 09:12:15,519 - INFO - Succès traitement de l'épisode 2
2022-11-08 09:12:15,520 - INFO - Succès traitement de l'épisode 3
2022-11-08 09:12:15,521 - INFO - Succès traitement de l'épisode 4
2022-11-08 09:12:15,522 - INFO - Succès traitement de l'épisode 5
2022-11-08 09:12:15,524 - INFO - Succès traitement de l'épisode 6
2022-11-08 09:12:15,525 - INFO - Succès traitement de l'épisode 7
2022-11-08 09:12:15,525 - INFO - Succès traitement des sous titres.
2022-11-08 09:16:03,933 - INFO - En attente de récupération des sous-titres de l'épisode 1 ...
2022-11-08 09:16:03,933 - INFO - /home/allan/Udemy Courses/Python 3/subtitles HOD/episodes/episode_1.txt
2022-11-08 09:16:03,933 - INFO - Récupération effectuée avec succès.
2022-11-08 09:16:03,933 - INFO - En attente de récupération des sous-titres de l'épisode 2 ...
2022-11-08 09:16:03,933 - INFO - /home/allan/Udemy Courses/Python 3/subtitles HOD/episodes/episode_2.txt
2022-11-08 09:16:03,933 - INFO - Récupération effectuée avec succès.
2022-11-08 09:16:03,933 - INFO - En attente de récupération des sous-titres de l'épisode 3 ...
2022-11-08 09:16:03,933 - INFO - /home/allan/Udemy Courses/Python 3/subtitles HOD/episodes/episode_3.txt
2022-11-08 09:16:03,933 - INFO - Récupération effectuée avec succès.
2022-11-08 09:16:03,933 - INFO - En attente de récupération des sous-titres de l'épisode 4 ...
2022-11-08 09:16:03,933 - INFO - /home/allan/Udemy Courses/Python 3/subtitles HOD/episodes/episode_4.txt
2022-11-08 09:16:03,933 - INFO - Récupération effectuée avec succès.
2022-11-08 09:16:03,933 - INFO - En attente de récupération des sous-titres de l'épisode 5 ...
2022-11-08 09:16:03,933 - INFO - /home/allan/Udemy Courses/Python 3/subtitles HOD/episodes/episode_5.txt
2022-11-08 09:16:03,933 - INFO - Récupération effectuée avec succès.
2022-11-08 09:16:03,933 - INFO - En attente de récupération des sous-titres de l'épisode 6 ...
2022-11-08 09:16:03,933 - INFO - /home/allan/Udemy Courses/Python 3/subtitles HOD/episodes/episode_6.txt
2022-11-08 09:16:03,933 - INFO - Récupération effectuée avec succès.
2022-11-08 09:16:03,933 - INFO - En attente de récupération des sous-titres de l'épisode 7 ...
2022-11-08 09:16:03,933 - INFO - /home/allan/Udemy Courses/Python 3/subtitles HOD/episodes/episode_7.txt
2022-11-08 09:16:03,933 - INFO - Récupération effectuée avec succès.
2022-11-08 09:16:03,933 - INFO - Succès récupération des sous titres.
2022-11-08 09:16:03,934 - INFO - En attente de lecture des sous-titres des 7 épisodes
2022-11-08 09:16:03,934 - INFO - Succès lecture des sous titres.
2022-11-08 09:16:03,934 - INFO - En attente de traitement des sous-titres des 7 épisodes
2022-11-08 09:16:03,935 - INFO - Succès traitement de l'épisode 1
2022-11-08 09:16:03,937 - INFO - Succès traitement de l'épisode 2
2022-11-08 09:16:03,938 - INFO - Succès traitement de l'épisode 3
2022-11-08 09:16:03,939 - INFO - Succès traitement de l'épisode 4
2022-11-08 09:16:03,940 - INFO - Succès traitement de l'épisode 5
2022-11-08 09:16:03,941 - INFO - Succès traitement de l'épisode 6
2022-11-08 09:16:03,942 - INFO - Succès traitement de l'épisode 7
2022-11-08 09:16:03,942 - INFO - Succès traitement des sous titres.
2022-11-08 09:16:12,392 - INFO - En attente de récupération des sous-titres de l'épisode 1 ...
2022-11-08 09:16:12,392 - INFO - /home/allan/Udemy Courses/Python 3/subtitles HOD/episodes/episode_1.txt
2022-11-08 09:16:12,392 - INFO - Récupération effectuée avec succès.
2022-11-08 09:16:12,392 - INFO - En attente de récupération des sous-titres de l'épisode 2 ...
2022-11-08 09:16:12,392 - INFO - /home/allan/Udemy Courses/Python 3/subtitles HOD/episodes/episode_2.txt
2022-11-08 09:16:12,392 - INFO - Récupération effectuée avec succès.
2022-11-08 09:16:12,392 - INFO - En attente de récupération des sous-titres de l'épisode 3 ...
2022-11-08 09:16:12,392 - INFO - /home/allan/Udemy Courses/Python 3/subtitles HOD/episodes/episode_3.txt
2022-11-08 09:16:12,392 - INFO - Récupération effectuée avec succès.
2022-11-08 09:16:12,392 - INFO - En attente de récupération des sous-titres de l'épisode 4 ...
2022-11-08 09:16:12,392 - INFO - /home/allan/Udemy Courses/Python 3/subtitles HOD/episodes/episode_4.txt
2022-11-08 09:16:12,392 - INFO - Récupération effectuée avec succès.
2022-11-08 09:16:12,392 - INFO - En attente de récupération des sous-titres de l'épisode 5 ...
2022-11-08 09:16:12,392 - INFO - /home/allan/Udemy Courses/Python 3/subtitles HOD/episodes/episode_5.txt
2022-11-08 09:16:12,392 - INFO - Récupération effectuée avec succès.
2022-11-08 09:16:12,392 - INFO - En attente de récupération des sous-titres de l'épisode 6 ...
2022-11-08 09:16:12,392 - INFO - /home/allan/Udemy Courses/Python 3/subtitles HOD/episodes/episode_6.txt
2022-11-08 09:16:12,392 - INFO - Récupération effectuée avec succès.
2022-11-08 09:16:12,392 - INFO - En attente de récupération des sous-titres de l'épisode 7 ...
2022-11-08 09:16:12,392 - INFO - /home/allan/Udemy Courses/Python 3/subtitles HOD/episodes/episode_7.txt
2022-11-08 09:16:12,392 - INFO - Récupération effectuée avec succès.
2022-11-08 09:16:12,392 - INFO - Succès récupération des sous titres.
2022-11-08 09:16:12,392 - INFO - En attente de lecture des sous-titres des 7 épisodes
2022-11-08 09:16:12,393 - INFO - Succès lecture des sous titres.
2022-11-08 09:16:12,393 - INFO - En attente de traitement des sous-titres des 7 épisodes
2022-11-08 09:16:12,394 - INFO - Succès traitement de l'épisode 1
2022-11-08 09:16:12,396 - INFO - Succès traitement de l'épisode 2
2022-11-08 09:16:12,397 - INFO - Succès traitement de l'épisode 3
2022-11-08 09:16:12,398 - INFO - Succès traitement de l'épisode 4
2022-11-08 09:16:12,399 - INFO - Succès traitement de l'épisode 5
2022-11-08 09:16:12,400 - INFO - Succès traitement de l'épisode 6
2022-11-08 09:16:12,401 - INFO - Succès traitement de l'épisode 7
2022-11-08 09:16:12,401 - INFO - Succès traitement des sous titres.
2022-11-08 09:17:03,708 - INFO - En attente de récupération des sous-titres de l'épisode 1 ...
2022-11-08 09:17:03,708 - INFO - /home/allan/Udemy Courses/Python 3/subtitles HOD/episodes/episode_1.txt
2022-11-08 09:17:03,708 - INFO - Récupération effectuée avec succès.
2022-11-08 09:17:03,708 - INFO - En attente de récupération des sous-titres de l'épisode 2 ...
2022-11-08 09:17:03,708 - INFO - /home/allan/Udemy Courses/Python 3/subtitles HOD/episodes/episode_2.txt
2022-11-08 09:17:03,708 - INFO - Récupération effectuée avec succès.
2022-11-08 09:17:03,708 - INFO - En attente de récupération des sous-titres de l'épisode 3 ...
2022-11-08 09:17:03,708 - INFO - /home/allan/Udemy Courses/Python 3/subtitles HOD/episodes/episode_3.txt
2022-11-08 09:17:03,708 - INFO - Récupération effectuée avec succès.
2022-11-08 09:17:03,708 - INFO - En attente de récupération des sous-titres de l'épisode 4 ...
2022-11-08 09:17:03,708 - INFO - /home/allan/Udemy Courses/Python 3/subtitles HOD/episodes/episode_4.txt
2022-11-08 09:17:03,708 - INFO - Récupération effectuée avec succès.
2022-11-08 09:17:03,708 - INFO - En attente de récupération des sous-titres de l'épisode 5 ...
2022-11-08 09:17:03,708 - INFO - /home/allan/Udemy Courses/Python 3/subtitles HOD/episodes/episode_5.txt
2022-11-08 09:17:03,708 - INFO - Récupération effectuée avec succès.
2022-11-08 09:17:03,708 - INFO - En attente de récupération des sous-titres de l'épisode 6 ...
2022-11-08 09:17:03,708 - INFO - /home/allan/Udemy Courses/Python 3/subtitles HOD/episodes/episode_6.txt
2022-11-08 09:17:03,708 - INFO - Récupération effectuée avec succès.
2022-11-08 09:17:03,708 - INFO - En attente de récupération des sous-titres de l'épisode 7 ...
2022-11-08 09:17:03,708 - INFO - /home/allan/Udemy Courses/Python 3/subtitles HOD/episodes/episode_7.txt
2022-11-08 09:17:03,708 - INFO - Récupération effectuée avec succès.
2022-11-08 09:17:03,708 - INFO - Succès récupération des sous titres.
2022-11-08 09:17:03,708 - INFO - En attente de lecture des sous-titres des 7 épisodes
2022-11-08 09:17:03,709 - INFO - Succès lecture des sous titres.
2022-11-08 09:17:03,709 - INFO - En attente de traitement des sous-titres des 7 épisodes
2022-11-08 09:17:03,710 - INFO - Succès traitement de l'épisode 1
2022-11-08 09:17:03,711 - INFO - Succès traitement de l'épisode 2
2022-11-08 09:17:03,712 - INFO - Succès traitement de l'épisode 3
2022-11-08 09:17:03,714 - INFO - Succès traitement de l'épisode 4
2022-11-08 09:17:03,715 - INFO - Succès traitement de l'épisode 5
2022-11-08 09:17:03,716 - INFO - Succès traitement de l'épisode 6
2022-11-08 09:17:03,717 - INFO - Succès traitement de l'épisode 7
2022-11-08 09:17:03,717 - INFO - Succès traitement des sous titres.
2022-11-08 09:21:40,070 - INFO - En attente de récupération des sous-titres de l'épisode 1 ...
2022-11-08 09:21:40,070 - INFO - /home/allan/Udemy Courses/Python 3/subtitles HOD/episodes/episode_1.txt
2022-11-08 09:21:40,070 - INFO - Récupération effectuée avec succès.
2022-11-08 09:21:40,070 - INFO - En attente de récupération des sous-titres de l'épisode 2 ...
2022-11-08 09:21:40,070 - INFO - /home/allan/Udemy Courses/Python 3/subtitles HOD/episodes/episode_2.txt
2022-11-08 09:21:40,070 - INFO - Récupération effectuée avec succès.
2022-11-08 09:21:40,070 - INFO - En attente de récupération des sous-titres de l'épisode 3 ...
2022-11-08 09:21:40,071 - INFO - /home/allan/Udemy Courses/Python 3/subtitles HOD/episodes/episode_3.txt
2022-11-08 09:21:40,071 - INFO - Récupération effectuée avec succès.
2022-11-08 09:21:40,071 - INFO - En attente de récupération des sous-titres de l'épisode 4 ...
2022-11-08 09:21:40,071 - INFO - /home/allan/Udemy Courses/Python 3/subtitles HOD/episodes/episode_4.txt
2022-11-08 09:21:40,071 - INFO - Récupération effectuée avec succès.
2022-11-08 09:21:40,071 - INFO - En attente de récupération des sous-titres de l'épisode 5 ...
2022-11-08 09:21:40,071 - INFO - /home/allan/Udemy Courses/Python 3/subtitles HOD/episodes/episode_5.txt
2022-11-08 09:21:40,071 - INFO - Récupération effectuée avec succès.
2022-11-08 09:21:40,071 - INFO - En attente de récupération des sous-titres de l'épisode 6 ...
2022-11-08 09:21:40,071 - INFO - /home/allan/Udemy Courses/Python 3/subtitles HOD/episodes/episode_6.txt
2022-11-08 09:21:40,071 - INFO - Récupération effectuée avec succès.
2022-11-08 09:21:40,071 - INFO - En attente de récupération des sous-titres de l'épisode 7 ...
2022-11-08 09:21:40,071 - INFO - /home/allan/Udemy Courses/Python 3/subtitles HOD/episodes/episode_7.txt
2022-11-08 09:21:40,071 - INFO - Récupération effectuée avec succès.
2022-11-08 09:21:40,071 - INFO - Succès récupération des sous titres.
2022-11-08 09:21:40,071 - INFO - En attente de lecture des sous-titres des 7 épisodes
2022-11-08 09:21:40,071 - INFO - Succès lecture des sous titres.
2022-11-08 09:21:40,071 - INFO - En attente de traitement des sous-titres des 7 épisodes
2022-11-08 09:21:40,073 - INFO - Succès traitement de l'épisode 1
2022-11-08 09:21:40,074 - INFO - Succès traitement de l'épisode 2
2022-11-08 09:21:40,075 - INFO - Succès traitement de l'épisode 3
2022-11-08 09:21:40,076 - INFO - Succès traitement de l'épisode 4
2022-11-08 09:21:40,077 - INFO - Succès traitement de l'épisode 5
2022-11-08 09:21:40,079 - INFO - Succès traitement de l'épisode 6
2022-11-08 09:21:40,080 - INFO - Succès traitement de l'épisode 7
2022-11-08 09:21:40,080 - INFO - Succès traitement des sous titres.
2022-11-08 09:22:51,098 - INFO - En attente de récupération des sous-titres de l'épisode 1 ...
2022-11-08 09:22:51,099 - INFO - /home/allan/Udemy Courses/Python 3/subtitles HOD/episodes/episode_1.txt
2022-11-08 09:22:51,099 - INFO - Récupération effectuée avec succès.
2022-11-08 09:22:51,099 - INFO - En attente de récupération des sous-titres de l'épisode 2 ...
2022-11-08 09:22:51,099 - INFO - /home/allan/Udemy Courses/Python 3/subtitles HOD/episodes/episode_2.txt
2022-11-08 09:22:51,099 - INFO - Récupération effectuée avec succès.
2022-11-08 09:22:51,099 - INFO - En attente de récupération des sous-titres de l'épisode 3 ...
2022-11-08 09:22:51,099 - INFO - /home/allan/Udemy Courses/Python 3/subtitles HOD/episodes/episode_3.txt
2022-11-08 09:22:51,099 - INFO - Récupération effectuée avec succès.
2022-11-08 09:22:51,099 - INFO - En attente de récupération des sous-titres de l'épisode 4 ...
2022-11-08 09:22:51,099 - INFO - /home/allan/Udemy Courses/Python 3/subtitles HOD/episodes/episode_4.txt
2022-11-08 09:22:51,099 - INFO - Récupération effectuée avec succès.
2022-11-08 09:22:51,099 - INFO - En attente de récupération des sous-titres de l'épisode 5 ...
2022-11-08 09:22:51,099 - INFO - /home/allan/Udemy Courses/Python 3/subtitles HOD/episodes/episode_5.txt
2022-11-08 09:22:51,099 - INFO - Récupération effectuée avec succès.
2022-11-08 09:22:51,099 - INFO - En attente de récupération des sous-titres de l'épisode 6 ...
2022-11-08 09:22:51,099 - INFO - /home/allan/Udemy Courses/Python 3/subtitles HOD/episodes/episode_6.txt
2022-11-08 09:22:51,099 - INFO - Récupération effectuée avec succès.
2022-11-08 09:22:51,099 - INFO - En attente de récupération des sous-titres de l'épisode 7 ...
2022-11-08 09:22:51,099 - INFO - /home/allan/Udemy Courses/Python 3/subtitles HOD/episodes/episode_7.txt
2022-11-08 09:22:51,099 - INFO - Récupération effectuée avec succès.
2022-11-08 09:22:51,099 - INFO - Succès récupération des sous titres.
2022-11-08 09:22:51,099 - INFO - En attente de lecture des sous-titres des 7 épisodes
2022-11-08 09:22:51,100 - INFO - Succès lecture des sous titres.
2022-11-08 09:22:51,100 - INFO - En attente de traitement des sous-titres des 7 épisodes
2022-11-08 09:22:51,101 - INFO - Succès traitement de l'épisode 1
2022-11-08 09:22:51,103 - INFO - Succès traitement de l'épisode 2
2022-11-08 09:22:51,104 - INFO - Succès traitement de l'épisode 3
2022-11-08 09:22:51,105 - INFO - Succès traitement de l'épisode 4
2022-11-08 09:22:51,106 - INFO - Succès traitement de l'épisode 5
2022-11-08 09:22:51,108 - INFO - Succès traitement de l'épisode 6
2022-11-08 09:22:51,109 - INFO - Succès traitement de l'épisode 7
2022-11-08 09:22:51,109 - INFO - Succès traitement des sous titres.
2022-11-08 09:23:09,109 - INFO - En attente de récupération des sous-titres de l'épisode 1 ...
2022-11-08 09:23:09,110 - INFO - /home/allan/Udemy Courses/Python 3/subtitles HOD/episodes/episode_1.txt
2022-11-08 09:23:09,110 - INFO - Récupération effectuée avec succès.
2022-11-08 09:23:09,110 - INFO - En attente de récupération des sous-titres de l'épisode 2 ...
2022-11-08 09:23:09,110 - INFO - /home/allan/Udemy Courses/Python 3/subtitles HOD/episodes/episode_2.txt
2022-11-08 09:23:09,110 - INFO - Récupération effectuée avec succès.
2022-11-08 09:23:09,111 - INFO - En attente de récupération des sous-titres de l'épisode 3 ...
2022-11-08 09:23:09,111 - INFO - /home/allan/Udemy Courses/Python 3/subtitles HOD/episodes/episode_3.txt
2022-11-08 09:23:09,111 - INFO - Récupération effectuée avec succès.
2022-11-08 09:23:09,111 - INFO - En attente de récupération des sous-titres de l'épisode 4 ...
2022-11-08 09:23:09,111 - INFO - /home/allan/Udemy Courses/Python 3/subtitles HOD/episodes/episode_4.txt
2022-11-08 09:23:09,111 - INFO - Récupération effectuée avec succès.
2022-11-08 09:23:09,111 - INFO - En attente de récupération des sous-titres de l'épisode 5 ...
2022-11-08 09:23:09,111 - INFO - /home/allan/Udemy Courses/Python 3/subtitles HOD/episodes/episode_5.txt
2022-11-08 09:23:09,112 - INFO - Récupération effectuée avec succès.
2022-11-08 09:23:09,112 - INFO - En attente de récupération des sous-titres de l'épisode 6 ...
2022-11-08 09:23:09,112 - INFO - /home/allan/Udemy Courses/Python 3/subtitles HOD/episodes/episode_6.txt
2022-11-08 09:23:09,112 - INFO - Récupération effectuée avec succès.
2022-11-08 09:23:09,112 - INFO - En attente de récupération des sous-titres de l'épisode 7 ...
2022-11-08 09:23:09,112 - INFO - /home/allan/Udemy Courses/Python 3/subtitles HOD/episodes/episode_7.txt
2022-11-08 09:23:09,112 - INFO - Récupération effectuée avec succès.
2022-11-08 09:23:09,112 - INFO - Succès récupération des sous titres.
2022-11-08 09:23:09,112 - INFO - En attente de lecture des sous-titres des 7 épisodes
2022-11-08 09:23:09,114 - INFO - Succès lecture des sous titres.
2022-11-08 09:23:09,114 - INFO - En attente de traitement des sous-titres des 7 épisodes
2022-11-08 09:23:09,116 - INFO - Succès traitement de l'épisode 1
2022-11-08 09:23:09,117 - INFO - Succès traitement de l'épisode 2
2022-11-08 09:23:09,119 - INFO - Succès traitement de l'épisode 3
2022-11-08 09:23:09,120 - INFO - Succès traitement de l'épisode 4
2022-11-08 09:23:09,121 - INFO - Succès traitement de l'épisode 5
2022-11-08 09:23:09,123 - INFO - Succès traitement de l'épisode 6
2022-11-08 09:23:09,124 - INFO - Succès traitement de l'épisode 7
2022-11-08 09:23:09,124 - INFO - Succès traitement des sous titres.
